<?xml version="1.0" encoding="UTF-8"?>
<!-- Generated by org.testng.reporters.JUnitXMLReporter -->
<testsuite ignored="0" hostname="LP004855" failures="0" tests="3" name="Default test" time="0.042" errors="0" timestamp="2024-10-09T07:16:25 IST">
  <testcase classname="testNG.DataProvider_LoginTest" name="testLogin" time="0.005"/>
  <testcase classname="testNG.DataProvider_LoginTest" name="testLogin" time="0.001"/>
  <testcase classname="testNG.DataProvider_LoginTest" name="testLogin" time="0.0"/>
</testsuite> <!-- Default test -->
