<?xml version="1.0" encoding="UTF-8"?>
<testng-results ignored="0" total="1" passed="1" failed="0" skipped="0">
  <reporter-output>
  </reporter-output>
  <suite started-at="2024-02-17T23:26:24 IST" name="Default suite" finished-at="2024-02-17T23:26:26 IST" duration-ms="1803">
    <groups>
    </groups>
    <test started-at="2024-02-17T23:26:24 IST" name="Default test" finished-at="2024-02-17T23:26:26 IST" duration-ms="1803">
      <class name="emailTesting.EmailTestDemo">
        <test-method signature="testEmail()[pri:0, instance:emailTesting.EmailTestDemo@217ed35e]" started-at="2024-02-17T23:26:24 IST" name="testEmail" finished-at="2024-02-17T23:26:26 IST" duration-ms="1752" status="PASS">
          <reporter-output>
          </reporter-output>
        </test-method> <!-- testEmail -->
      </class> <!-- emailTesting.EmailTestDemo -->
    </test> <!-- Default test -->
  </suite> <!-- Default suite -->
</testng-results>
