<?xml version="1.0" encoding="UTF-8"?>
<!-- Generated by org.testng.reporters.JUnitReportReporter -->
<testsuite hostname="LP004855" failures="0" tests="2" name="testNG.OrderOfTestNGAnnoations" time="0.011" errors="0" timestamp="2024-10-22T12:37:47 IST" skipped="0">
  <testcase classname="testNG.OrderOfTestNGAnnoations" name="test1" time="0.008"/>
  <system-out/>
  <testcase classname="testNG.OrderOfTestNGAnnoations" name="test2" time="0.003"/>
  <system-out/>
</testsuite> <!-- testNG.OrderOfTestNGAnnoations -->
