<?xml version="1.0" encoding="UTF-8"?>
<!-- Generated by org.testng.reporters.JUnitReportReporter -->
<testsuite hostname="LP004855" failures="0" tests="3" name="testNG.DependsOnGroups" time="0.008" errors="0" timestamp="2024-10-22T12:26:13 IST" skipped="0">
  <testcase classname="testNG.DependsOnGroups" name="group2" time="0.001"/>
  <system-out/>
  <testcase classname="testNG.DependsOnGroups" name="group1" time="0.007"/>
  <system-out/>
  <testcase classname="testNG.DependsOnGroups" name="group3" time="0.000"/>
  <system-out/>
</testsuite> <!-- testNG.DependsOnGroups -->
