<?xml version="1.0" encoding="UTF-8"?>
<!-- Generated by org.testng.reporters.JUnitReportReporter -->
<testsuite hostname="LP004855" failures="0" tests="3" name="testNG.DataProvider_LoginTest" time="0.006" errors="0" timestamp="2024-10-09T07:16:25 IST" skipped="0">
  <testcase classname="testNG.DataProvider_LoginTest" name="testLogin" time="0.005"/>
  <system-out/>
  <testcase classname="testNG.DataProvider_LoginTest" name="testLogin" time="0.000"/>
  <system-out/>
  <testcase classname="testNG.DataProvider_LoginTest" name="testLogin" time="0.001"/>
  <system-out/>
</testsuite> <!-- testNG.DataProvider_LoginTest -->
